<?xml version="1.0" encoding="UTF-8"?>
<testsuite
	xmlns:xsi="http://www.w3.org/2001/XMLSchema-instance"
	xsi:noNamespaceSchemaLocation="https://maven.apache.org/surefire/maven-surefire-plugin/xsd/surefire-test-report-3.0.xsd"
	version="3.0" name="TestSuite" time="17.285" tests="1" errors="0"
	skipped="0" failures="0">
	<properties>
		<property name="java.specification.version" value="15" />
		<property name="webdriver.chrome.driver"
			value="C:\Users\rpradipd\eclipse-workspace\CodingRoundSDET\driver\chromedriver.exe" />
		<property name="sun.cpu.isalist" value="amd64" />
		<property name="sun.jnu.encoding" value="Cp1252" />
		<property name="java.class.path"
			value="C:\Users\rpradipd\eclipse-workspace\CodingRoundSDET\target\test-classes;C:\Users\rpradipd\eclipse-workspace\CodingRoundSDET\target\classes;C:\Users\rpradipd\.m2\repository\org\seleniumhq\selenium\selenium-java\3.141.59\selenium-java-3.141.59.jar;C:\Users\rpradipd\.m2\repository\org\seleniumhq\selenium\selenium-api\3.141.59\selenium-api-3.141.59.jar;C:\Users\rpradipd\.m2\repository\org\seleniumhq\selenium\selenium-chrome-driver\3.141.59\selenium-chrome-driver-3.141.59.jar;C:\Users\rpradipd\.m2\repository\org\seleniumhq\selenium\selenium-edge-driver\3.141.59\selenium-edge-driver-3.141.59.jar;C:\Users\rpradipd\.m2\repository\org\seleniumhq\selenium\selenium-firefox-driver\3.141.59\selenium-firefox-driver-3.141.59.jar;C:\Users\rpradipd\.m2\repository\org\seleniumhq\selenium\selenium-ie-driver\3.141.59\selenium-ie-driver-3.141.59.jar;C:\Users\rpradipd\.m2\repository\org\seleniumhq\selenium\selenium-opera-driver\3.141.59\selenium-opera-driver-3.141.59.jar;C:\Users\rpradipd\.m2\repository\org\seleniumhq\selenium\selenium-remote-driver\3.141.59\selenium-remote-driver-3.141.59.jar;C:\Users\rpradipd\.m2\repository\org\seleniumhq\selenium\selenium-safari-driver\3.141.59\selenium-safari-driver-3.141.59.jar;C:\Users\rpradipd\.m2\repository\org\seleniumhq\selenium\selenium-support\3.141.59\selenium-support-3.141.59.jar;C:\Users\rpradipd\.m2\repository\net\bytebuddy\byte-buddy\1.8.15\byte-buddy-1.8.15.jar;C:\Users\rpradipd\.m2\repository\org\apache\commons\commons-exec\1.3\commons-exec-1.3.jar;C:\Users\rpradipd\.m2\repository\com\google\guava\guava\25.0-jre\guava-25.0-jre.jar;C:\Users\rpradipd\.m2\repository\com\google\code\findbugs\jsr305\1.3.9\jsr305-1.3.9.jar;C:\Users\rpradipd\.m2\repository\org\checkerframework\checker-compat-qual\2.0.0\checker-compat-qual-2.0.0.jar;C:\Users\rpradipd\.m2\repository\com\google\errorprone\error_prone_annotations\2.1.3\error_prone_annotations-2.1.3.jar;C:\Users\rpradipd\.m2\repository\com\google\j2objc\j2objc-annotations\1.1\j2objc-annotations-1.1.jar;C:\Users\rpradipd\.m2\repository\org\codehaus\mojo\animal-sniffer-annotations\1.14\animal-sniffer-annotations-1.14.jar;C:\Users\rpradipd\.m2\repository\com\squareup\okhttp3\okhttp\3.11.0\okhttp-3.11.0.jar;C:\Users\rpradipd\.m2\repository\com\squareup\okio\okio\1.14.0\okio-1.14.0.jar;C:\Users\rpradipd\.m2\repository\org\testng\testng\6.14.3\testng-6.14.3.jar;C:\Users\rpradipd\.m2\repository\com\beust\jcommander\1.72\jcommander-1.72.jar;C:\Users\rpradipd\.m2\repository\org\apache-extras\beanshell\bsh\2.0b6\bsh-2.0b6.jar;C:\Users\rpradipd\.m2\repository\commons-io\commons-io\2.6\commons-io-2.6.jar;C:\Users\rpradipd\.m2\repository\com\aventstack\extentreports\3.1.5\extentreports-3.1.5.jar;C:\Users\rpradipd\.m2\repository\org\freemarker\freemarker\2.3.23\freemarker-2.3.23.jar;C:\Users\rpradipd\.m2\repository\org\mongodb\mongodb-driver\3.3.0\mongodb-driver-3.3.0.jar;C:\Users\rpradipd\.m2\repository\org\mongodb\bson\3.3.0\bson-3.3.0.jar;C:\Users\rpradipd\.m2\repository\org\mongodb\mongodb-driver-core\3.3.0\mongodb-driver-core-3.3.0.jar;C:\Users\rpradipd\.m2\repository\org\apache\httpcomponents\httpclient\4.5.2\httpclient-4.5.2.jar;C:\Users\rpradipd\.m2\repository\org\apache\httpcomponents\httpcore\4.4.4\httpcore-4.4.4.jar;C:\Users\rpradipd\.m2\repository\commons-logging\commons-logging\1.2\commons-logging-1.2.jar;C:\Users\rpradipd\.m2\repository\commons-codec\commons-codec\1.9\commons-codec-1.9.jar;C:\Users\rpradipd\.m2\repository\org\apache\httpcomponents\httpmime\4.5.2\httpmime-4.5.2.jar;C:\Users\rpradipd\.m2\repository\org\jsoup\jsoup\1.9.2\jsoup-1.9.2.jar;C:\Users\rpradipd\.m2\repository\com\google\code\gson\gson\2.8.0\gson-2.8.0.jar;" />
		<property name="java.vm.vendor" value="Oracle Corporation" />
		<property name="sun.arch.data.model" value="64" />
		<property name="user.variant" value="" />
		<property name="java.vendor.url"
			value="https://java.oracle.com/" />
		<property name="user.timezone" value="Asia/Calcutta" />
		<property name="os.name" value="Windows 10" />
		<property name="java.vm.specification.version" value="15" />
		<property name="sun.java.launcher" value="SUN_STANDARD" />
		<property name="user.country" value="IN" />
		<property name="sun.boot.library.path"
			value="C:\Users\rpradipd\Downloads\eclipse\plugins\org.eclipse.justj.openjdk.hotspot.jre.full.win32.x86_64_15.0.1.v20201027-0507\jre\bin" />
		<property name="sun.java.command"
			value="C:\Users\rpradipd\AppData\Local\Temp\surefire16296220008053391551\surefirebooter15222998289662749108.jar C:\Users\rpradipd\AppData\Local\Temp\surefire16296220008053391551 2022-11-01T18-06-12_024-jvmRun1 surefire4535840375260517717tmp surefire_02617312600233901899tmp" />
		<property name="jdk.debug" value="release" />
		<property name="surefire.test.class.path"
			value="C:\Users\rpradipd\eclipse-workspace\CodingRoundSDET\target\test-classes;C:\Users\rpradipd\eclipse-workspace\CodingRoundSDET\target\classes;C:\Users\rpradipd\.m2\repository\org\seleniumhq\selenium\selenium-java\3.141.59\selenium-java-3.141.59.jar;C:\Users\rpradipd\.m2\repository\org\seleniumhq\selenium\selenium-api\3.141.59\selenium-api-3.141.59.jar;C:\Users\rpradipd\.m2\repository\org\seleniumhq\selenium\selenium-chrome-driver\3.141.59\selenium-chrome-driver-3.141.59.jar;C:\Users\rpradipd\.m2\repository\org\seleniumhq\selenium\selenium-edge-driver\3.141.59\selenium-edge-driver-3.141.59.jar;C:\Users\rpradipd\.m2\repository\org\seleniumhq\selenium\selenium-firefox-driver\3.141.59\selenium-firefox-driver-3.141.59.jar;C:\Users\rpradipd\.m2\repository\org\seleniumhq\selenium\selenium-ie-driver\3.141.59\selenium-ie-driver-3.141.59.jar;C:\Users\rpradipd\.m2\repository\org\seleniumhq\selenium\selenium-opera-driver\3.141.59\selenium-opera-driver-3.141.59.jar;C:\Users\rpradipd\.m2\repository\org\seleniumhq\selenium\selenium-remote-driver\3.141.59\selenium-remote-driver-3.141.59.jar;C:\Users\rpradipd\.m2\repository\org\seleniumhq\selenium\selenium-safari-driver\3.141.59\selenium-safari-driver-3.141.59.jar;C:\Users\rpradipd\.m2\repository\org\seleniumhq\selenium\selenium-support\3.141.59\selenium-support-3.141.59.jar;C:\Users\rpradipd\.m2\repository\net\bytebuddy\byte-buddy\1.8.15\byte-buddy-1.8.15.jar;C:\Users\rpradipd\.m2\repository\org\apache\commons\commons-exec\1.3\commons-exec-1.3.jar;C:\Users\rpradipd\.m2\repository\com\google\guava\guava\25.0-jre\guava-25.0-jre.jar;C:\Users\rpradipd\.m2\repository\com\google\code\findbugs\jsr305\1.3.9\jsr305-1.3.9.jar;C:\Users\rpradipd\.m2\repository\org\checkerframework\checker-compat-qual\2.0.0\checker-compat-qual-2.0.0.jar;C:\Users\rpradipd\.m2\repository\com\google\errorprone\error_prone_annotations\2.1.3\error_prone_annotations-2.1.3.jar;C:\Users\rpradipd\.m2\repository\com\google\j2objc\j2objc-annotations\1.1\j2objc-annotations-1.1.jar;C:\Users\rpradipd\.m2\repository\org\codehaus\mojo\animal-sniffer-annotations\1.14\animal-sniffer-annotations-1.14.jar;C:\Users\rpradipd\.m2\repository\com\squareup\okhttp3\okhttp\3.11.0\okhttp-3.11.0.jar;C:\Users\rpradipd\.m2\repository\com\squareup\okio\okio\1.14.0\okio-1.14.0.jar;C:\Users\rpradipd\.m2\repository\org\testng\testng\6.14.3\testng-6.14.3.jar;C:\Users\rpradipd\.m2\repository\com\beust\jcommander\1.72\jcommander-1.72.jar;C:\Users\rpradipd\.m2\repository\org\apache-extras\beanshell\bsh\2.0b6\bsh-2.0b6.jar;C:\Users\rpradipd\.m2\repository\commons-io\commons-io\2.6\commons-io-2.6.jar;C:\Users\rpradipd\.m2\repository\com\aventstack\extentreports\3.1.5\extentreports-3.1.5.jar;C:\Users\rpradipd\.m2\repository\org\freemarker\freemarker\2.3.23\freemarker-2.3.23.jar;C:\Users\rpradipd\.m2\repository\org\mongodb\mongodb-driver\3.3.0\mongodb-driver-3.3.0.jar;C:\Users\rpradipd\.m2\repository\org\mongodb\bson\3.3.0\bson-3.3.0.jar;C:\Users\rpradipd\.m2\repository\org\mongodb\mongodb-driver-core\3.3.0\mongodb-driver-core-3.3.0.jar;C:\Users\rpradipd\.m2\repository\org\apache\httpcomponents\httpclient\4.5.2\httpclient-4.5.2.jar;C:\Users\rpradipd\.m2\repository\org\apache\httpcomponents\httpcore\4.4.4\httpcore-4.4.4.jar;C:\Users\rpradipd\.m2\repository\commons-logging\commons-logging\1.2\commons-logging-1.2.jar;C:\Users\rpradipd\.m2\repository\commons-codec\commons-codec\1.9\commons-codec-1.9.jar;C:\Users\rpradipd\.m2\repository\org\apache\httpcomponents\httpmime\4.5.2\httpmime-4.5.2.jar;C:\Users\rpradipd\.m2\repository\org\jsoup\jsoup\1.9.2\jsoup-1.9.2.jar;C:\Users\rpradipd\.m2\repository\com\google\code\gson\gson\2.8.0\gson-2.8.0.jar;" />
		<property name="sun.cpu.endian" value="little" />
		<property name="user.home" value="C:\Users\rpradipd" />
		<property name="user.language" value="en" />
		<property name="java.specification.vendor"
			value="Oracle Corporation" />
		<property name="java.version.date" value="2020-10-20" />
		<property name="java.home"
			value="C:\Users\rpradipd\Downloads\eclipse\plugins\org.eclipse.justj.openjdk.hotspot.jre.full.win32.x86_64_15.0.1.v20201027-0507\jre" />
		<property name="file.separator" value="\" />
		<property name="basedir"
			value="C:\Users\rpradipd\eclipse-workspace\CodingRoundSDET" />
		<property name="java.vm.compressedOopsMode" value="32-bit" />
		<property name="line.separator" value="&#10;" />
		<property name="java.vm.specification.vendor"
			value="Oracle Corporation" />
		<property name="java.specification.name"
			value="Java Platform API Specification" />
		<property name="surefire.real.class.path"
			value="C:\Users\rpradipd\AppData\Local\Temp\surefire16296220008053391551\surefirebooter15222998289662749108.jar" />
		<property name="user.script" value="" />
		<property name="sun.management.compiler"
			value="HotSpot 64-Bit Tiered Compilers" />
		<property name="java.runtime.version" value="15.0.1+9-18" />
		<property name="user.name" value="rpradipd" />
		<property name="path.separator" value=";" />
		<property name="os.version" value="10.0" />
		<property name="java.runtime.name"
			value="OpenJDK Runtime Environment" />
		<property name="file.encoding" value="Cp1252" />
		<property name="java.vm.name"
			value="OpenJDK 64-Bit Server VM" />
		<property name="localRepository"
			value="C:\Users\rpradipd\.m2\repository" />
		<property name="java.vendor.url.bug"
			value="https://bugreport.java.com/bugreport/" />
		<property name="java.io.tmpdir"
			value="C:\Users\rpradipd\AppData\Local\Temp\" />
		<property name="java.version" value="15.0.1" />
		<property name="user.dir"
			value="C:\Users\rpradipd\eclipse-workspace\CodingRoundSDET" />
		<property name="os.arch" value="amd64" />
		<property name="java.vm.specification.name"
			value="Java Virtual Machine Specification" />
		<property name="sun.os.patch.level" value="" />
		<property name="java.library.path"
			value="C:\Users\rpradipd\Downloads\eclipse\plugins\org.eclipse.justj.openjdk.hotspot.jre.full.win32.x86_64_15.0.1.v20201027-0507\jre\bin;C:\WINDOWS\Sun\Java\bin;C:\WINDOWS\system32;C:\WINDOWS;C:/Users/rpradipd/Downloads/eclipse//plugins/org.eclipse.justj.openjdk.hotspot.jre.full.win32.x86_64_15.0.1.v20201027-0507/jre/bin/server;C:/Users/rpradipd/Downloads/eclipse//plugins/org.eclipse.justj.openjdk.hotspot.jre.full.win32.x86_64_15.0.1.v20201027-0507/jre/bin;C:\WINDOWS\system32;C:\WINDOWS;C:\WINDOWS\System32\Wbem;C:\WINDOWS\System32\WindowsPowerShell\v1.0\;C:\WINDOWS\System32\OpenSSH\;C:\Program Files\OpenJDK12\Bin;C:\Users\rpradipd\AppData\Local\Microsoft\WindowsApps;C:\Users\rpradipd\AppData\Local\Programs\Git\cmd;C:\Users\rpradipd\AppData\Local\atom\bin;C:\Users\rpradipd\AppData\Local\Microsoft\WindowsApps;C:\Users\rpradipd\AppData\Local\Programs\Microsoft VS Code\bin;C:\Users\rpradipd\App\node-v16.16.0-win-x64;;C:\Users\rpradipd\Downloads\eclipse;;." />
		<property name="java.vm.info" value="mixed mode" />
		<property name="java.vendor" value="Oracle Corporation" />
		<property name="java.vm.version" value="15.0.1+9-18" />
		<property name="sun.io.unicode.encoding"
			value="UnicodeLittle" />
		<property name="java.class.version" value="59.0" />
	</properties>
	<testcase name="compareReleaseDate_country"
		classname="tests.CompareTests" time="6.962">
		<system-out><![CDATA[[TestNGContentHandler] [WARN] It is strongly recommended to add "<!DOCTYPE suite SYSTEM "http://testng.org/testng-1.0.dtd" >" at the top of your file, otherwise TestNG may fail or not work as expected.
December 17, 2021
After parsing to date::2021-12-17
India
2021-12-17
India
]]></system-out>
		<system-err><![CDATA[Starting ChromeDriver 106.0.5249.61 (511755355844955cd3e264779baf0dd38212a4d0-refs/branch-heads/5249@{#569}) on port 3333
Only local connections are allowed.
Please see https://chromedriver.chromium.org/security-considerations for suggestions on keeping ChromeDriver safe.
ChromeDriver was started successfully.
Nov 01, 2022 6:06:17 PM org.openqa.selenium.remote.ProtocolHandshake createSession
INFO: Detected dialect: W3C
]]></system-err>
	</testcase>
</testsuite>