<?xml version="1.0" encoding="UTF-8"?>
<!-- Generated by org.testng.reporters.JUnitReportReporter -->
<testsuite hostname="LIN51010313" failures="0" tests="1" name="tests.CompareTests" time="15.367" errors="0" timestamp="01 Nov 2022 12:36:30 GMT" skipped="0">
  <testcase classname="tests.CompareTests" name="compareReleaseDate_country" time="15.367"/>
</testsuite> <!-- tests.CompareTests -->
